# JRE version: Java(TM) SE Runtime Environment (8.0_181-b13) (build 1.8.0_181-b13)
# Java VM: Java HotSpot(TM) 64-Bit Server VM (25.181-b13 mixed mode linux-amd64 compressed oops)
Heap:
 PSYoungGen      total 205312K, used 3794K [0x00000000eab00000, 0x00000000f8380000, 0x0000000100000000)
  eden space 192512K, 0% used [0x00000000eab00000,0x00000000eab00000,0x00000000f6700000)
  from space 12800K, 29% used [0x00000000f6700000,0x00000000f6ab4a48,0x00000000f7380000)
  to   space 11776K, 0% used [0x00000000f7380000,0x00000000f7380000,0x00000000f7f00000)
 ParOldGen       total 95232K, used 13362K [0x00000000c0000000, 0x00000000c5d00000, 0x00000000eab00000)
  object space 95232K, 14% used [0x00000000c0000000,0x00000000c0d0c968,0x00000000c5d00000)
 Metaspace       used 37897K, capacity 38184K, committed 38616K, reserved 1083392K
  class space    used 5430K, capacity 5530K, committed 5632K, reserved 1048576K
GC Heap History (10 events):
Event: 1,543 GC heap after
Heap after GC invocations=4 (full 0):
 PSYoungGen      total 132096K, used 5101K [0x00000000eab00000, 0x00000000f3100000, 0x0000000100000000)
  eden space 126976K, 0% used [0x00000000eab00000,0x00000000eab00000,0x00000000f2700000)
  from space 5120K, 99% used [0x00000000f2c00000,0x00000000f30fb740,0x00000000f3100000)
  to   space 5120K, 0% used [0x00000000f2700000,0x00000000f2700000,0x00000000f2c00000)
 ParOldGen       total 84992K, used 5455K [0x00000000c0000000, 0x00000000c5300000, 0x00000000eab00000)
  object space 84992K, 6% used [0x00000000c0000000,0x00000000c0553e08,0x00000000c5300000)
 Metaspace       used 20837K, capacity 21062K, committed 21248K, reserved 1067008K
  class space    used 2960K, capacity 3051K, committed 3072K, reserved 1048576K
}
Event: 1,543 GC heap before
{Heap before GC invocations=5 (full 1):
 PSYoungGen      total 132096K, used 5101K [0x00000000eab00000, 0x00000000f3100000, 0x0000000100000000)
  eden space 126976K, 0% used [0x00000000eab00000,0x00000000eab00000,0x00000000f2700000)
  from space 5120K, 99% used [0x00000000f2c00000,0x00000000f30fb740,0x00000000f3100000)
  to   space 5120K, 0% used [0x00000000f2700000,0x00000000f2700000,0x00000000f2c00000)
 ParOldGen       total 84992K, used 5455K [0x00000000c0000000, 0x00000000c5300000, 0x00000000eab00000)
  object space 84992K, 6% used [0x00000000c0000000,0x00000000c0553e08,0x00000000c5300000)
 Metaspace       used 20837K, capacity 21062K, committed 21248K, reserved 1067008K
  class space    used 2960K, capacity 3051K, committed 3072K, reserved 1048576K
Event: 1,564 GC heap after
Heap after GC invocations=5 (full 1):
 PSYoungGen      total 132096K, used 0K [0x00000000eab00000, 0x00000000f3100000, 0x0000000100000000)
  eden space 126976K, 0% used [0x00000000eab00000,0x00000000eab00000,0x00000000f2700000)
  from space 5120K, 0% used [0x00000000f2c00000,0x00000000f2c00000,0x00000000f3100000)
  to   space 5120K, 0% used [0x00000000f2700000,0x00000000f2700000,0x00000000f2c00000)
 ParOldGen       total 58880K, used 7884K [0x00000000c0000000, 0x00000000c3980000, 0x00000000eab00000)
  object space 58880K, 13% used [0x00000000c0000000,0x00000000c07b31e8,0x00000000c3980000)
 Metaspace       used 20837K, capacity 21062K, committed 21248K, reserved 1067008K
  class space    used 2960K, capacity 3051K, committed 3072K, reserved 1048576K
}
Event: 2,293 GC heap before
{Heap before GC invocations=6 (full 1):
 PSYoungGen      total 132096K, used 126976K [0x00000000eab00000, 0x00000000f3100000, 0x0000000100000000)
  eden space 126976K, 100% used [0x00000000eab00000,0x00000000f2700000,0x00000000f2700000)
  from space 5120K, 0% used [0x00000000f2c00000,0x00000000f2c00000,0x00000000f3100000)
  to   space 5120K, 0% used [0x00000000f2700000,0x00000000f2700000,0x00000000f2c00000)
 ParOldGen       total 58880K, used 7884K [0x00000000c0000000, 0x00000000c3980000, 0x00000000eab00000)
  object space 58880K, 13% used [0x00000000c0000000,0x00000000c07b31e8,0x00000000c3980000)
 Metaspace       used 30086K, capacity 30362K, committed 30720K, reserved 1075200K
  class space    used 4233K, capacity 4311K, committed 4352K, reserved 1048576K
Event: 2,305 GC heap after
Heap after GC invocations=6 (full 1):
 PSYoungGen      total 132096K, used 5101K [0x00000000eab00000, 0x00000000f7f00000, 0x0000000100000000)
  eden space 126976K, 0% used [0x00000000eab00000,0x00000000eab00000,0x00000000f2700000)
  from space 5120K, 99% used [0x00000000f2700000,0x00000000f2bfb620,0x00000000f2c00000)
  to   space 11776K, 0% used [0x00000000f7380000,0x00000000f7380000,0x00000000f7f00000)
 ParOldGen       total 58880K, used 12803K [0x00000000c0000000, 0x00000000c3980000, 0x00000000eab00000)
  object space 58880K, 21% used [0x00000000c0000000,0x00000000c0c80ff8,0x00000000c3980000)
 Metaspace       used 30086K, capacity 30362K, committed 30720K, reserved 1075200K
  class space    used 4233K, capacity 4311K, committed 4352K, reserved 1048576K
}
Event: 2,731 GC heap before
{Heap before GC invocations=7 (full 1):
 PSYoungGen      total 132096K, used 52907K [0x00000000eab00000, 0x00000000f7f00000, 0x0000000100000000)
  eden space 126976K, 37% used [0x00000000eab00000,0x00000000ed9af908,0x00000000f2700000)
  from space 5120K, 99% used [0x00000000f2700000,0x00000000f2bfb620,0x00000000f2c00000)
  to   space 11776K, 0% used [0x00000000f7380000,0x00000000f7380000,0x00000000f7f00000)
 ParOldGen       total 58880K, used 12803K [0x00000000c0000000, 0x00000000c3980000, 0x00000000eab00000)
  object space 58880K, 21% used [0x00000000c0000000,0x00000000c0c80ff8,0x00000000c3980000)
 Metaspace       used 34766K, capacity 35048K, committed 35416K, reserved 1079296K
  class space    used 4869K, capacity 4954K, committed 4992K, reserved 1048576K
Event: 2,740 GC heap after
Heap after GC invocations=7 (full 1):
 PSYoungGen      total 204288K, used 9314K [0x00000000eab00000, 0x00000000f8380000, 0x0000000100000000)
  eden space 192512K, 0% used [0x00000000eab00000,0x00000000eab00000,0x00000000f6700000)
  from space 11776K, 79% used [0x00000000f7380000,0x00000000f7c988a8,0x00000000f7f00000)
  to   space 12800K, 0% used [0x00000000f6700000,0x00000000f6700000,0x00000000f7380000)
 ParOldGen       total 58880K, used 12811K [0x00000000c0000000, 0x00000000c3980000, 0x00000000eab00000)
  object space 58880K, 21% used [0x00000000c0000000,0x00000000c0c82ff8,0x00000000c3980000)
 Metaspace       used 34766K, capacity 35048K, committed 35416K, reserved 1079296K
  class space    used 4869K, capacity 4954K, committed 4992K, reserved 1048576K
}
Event: 2,740 GC heap before
{Heap before GC invocations=8 (full 2):
 PSYoungGen      total 204288K, used 9314K [0x00000000eab00000, 0x00000000f8380000, 0x0000000100000000)
  eden space 192512K, 0% used [0x00000000eab00000,0x00000000eab00000,0x00000000f6700000)
  from space 11776K, 79% used [0x00000000f7380000,0x00000000f7c988a8,0x00000000f7f00000)
  to   space 12800K, 0% used [0x00000000f6700000,0x00000000f6700000,0x00000000f7380000)
 ParOldGen       total 58880K, used 12811K [0x00000000c0000000, 0x00000000c3980000, 0x00000000eab00000)
  object space 58880K, 21% used [0x00000000c0000000,0x00000000c0c82ff8,0x00000000c3980000)
 Metaspace       used 34766K, capacity 35048K, committed 35416K, reserved 1079296K
  class space    used 4869K, capacity 4954K, committed 4992K, reserved 1048576K
Event: 2,782 GC heap after
Heap after GC invocations=8 (full 2):
 PSYoungGen      total 204288K, used 0K [0x00000000eab00000, 0x00000000f8380000, 0x0000000100000000)
  eden space 192512K, 0% used [0x00000000eab00000,0x00000000eab00000,0x00000000f6700000)
  from space 11776K, 0% used [0x00000000f7380000,0x00000000f7380000,0x00000000f7f00000)
  to   space 12800K, 0% used [0x00000000f6700000,0x00000000f6700000,0x00000000f7380000)
 ParOldGen       total 95232K, used 13354K [0x00000000c0000000, 0x00000000c5d00000, 0x00000000eab00000)
  object space 95232K, 14% used [0x00000000c0000000,0x00000000c0d0a968,0x00000000c5d00000)
 Metaspace       used 34766K, capacity 35048K, committed 35416K, reserved 1079296K
  class space    used 4869K, capacity 4954K, committed 4992K, reserved 1048576K
}
Event: 1812,040 GC heap before
{Heap before GC invocations=9 (full 2):
 PSYoungGen      total 204288K, used 60829K [0x00000000eab00000, 0x00000000f8380000, 0x0000000100000000)
  eden space 192512K, 31% used [0x00000000eab00000,0x00000000ee667558,0x00000000f6700000)
  from space 11776K, 0% used [0x00000000f7380000,0x00000000f7380000,0x00000000f7f00000)
  to   space 12800K, 0% used [0x00000000f6700000,0x00000000f6700000,0x00000000f7380000)
 ParOldGen       total 95232K, used 13354K [0x00000000c0000000, 0x00000000c5d00000, 0x00000000eab00000)
  object space 95232K, 14% used [0x00000000c0000000,0x00000000c0d0a968,0x00000000c5d00000)
 Metaspace       used 37897K, capacity 38184K, committed 38616K, reserved 1083392K
  class space    used 5430K, capacity 5530K, committed 5632K, reserved 1048576K

